<?xml version="1.0" encoding="UTF-8"?>
<!-- Generated by org.testng.reporters.JUnitXMLReporter -->
<testsuite ignored="2" hostname="LAPTOP-CIB1RGQG" failures="0" tests="2" name="Grouping Test" time="0.057" errors="0" timestamp="06 Oct 2019 21:24:06 GMT">
  <testcase classname="test.TestNg_Grouping" name="AudiA6" time="0.011"/>
  <testcase classname="test.TestNg_Grouping" name="BMW328i" time="0.002"/>
  <testcase classname="test.TestNg_Grouping" name="AudiQ7" time="0.0">
    <ignored/>
  </testcase> <!-- AudiQ7 -->
  <testcase classname="test.TestNg_Grouping" name="BMWX6" time="0.0">
    <ignored/>
  </testcase> <!-- BMWX6 -->
</testsuite> <!-- Grouping Test -->
